[2021-04-03 17:43:59,657] multiqc                                            [DEBUG  ]  No MultiQC config found: /shared/ifbstor1/software/miniconda/envs/multiqc-1.9/lib/python3.6/site-packages/multiqc_config.yaml
[2021-04-03 17:43:59,658] multiqc                                            [DEBUG  ]  No MultiQC config found: /shared/home/glelandais/.multiqc_config.yaml
[2021-04-03 17:43:59,658] multiqc                                            [DEBUG  ]  No MultiQC config found: multiqc_config.yaml
[2021-04-03 17:43:59,658] multiqc                                            [DEBUG  ]  Command used: /shared/ifbstor1/software/miniconda/envs/multiqc-1.9/bin/multiqc -d . -o .
[2021-04-03 17:43:59,796] multiqc                                            [WARNING]  MultiQC Version v1.10.1 now available!
[2021-04-03 17:43:59,797] multiqc                                            [INFO   ]  This is MultiQC v1.9
[2021-04-03 17:43:59,797] multiqc                                            [DEBUG  ]  Command     : /shared/ifbstor1/software/miniconda/envs/multiqc-1.9/bin/multiqc -d . -o .
[2021-04-03 17:43:59,797] multiqc                                            [DEBUG  ]  Working dir : /shared/ifbstor1/projects/dubii2021/glelandais/modules-4-5-evaluation/quality-controls
[2021-04-03 17:43:59,797] multiqc                                            [INFO   ]  Template    : default
[2021-04-03 17:43:59,797] multiqc                                            [DEBUG  ]  Running Python 3.6.11 | packaged by conda-forge | (default, Nov 27 2020, 18:57:37)  [GCC 9.3.0]
[2021-04-03 17:43:59,797] multiqc                                            [INFO   ]  Prepending directory to sample names
[2021-04-03 17:43:59,797] multiqc                                            [INFO   ]  Searching   : /shared/ifbstor1/projects/dubii2021/glelandais/modules-4-5-evaluation/quality-controls
[2021-04-03 17:43:59,797] multiqc                                            [DEBUG  ]  Analysing modules: custom_content, conpair, peddy, somalier, methylQA, mosdepth, phantompeakqualtools, qualimap, preseq, quast, qorts, rna_seqc, rockhopper, rsem, rseqc, busco, goleft_indexcov, disambiguate, supernova, deeptools, sargasso, verifybamid, mirtrace, happy, mirtop, homer, macs2, theta2, snpeff, gatk, htseq, bcftools, featureCounts, fgbio, dragen, dedup, damageprofiler, biobambam2, mtnucratio, picard, prokka, samblaster, samtools, sexdeterrmine, bamtools, jellyfish, vcftools, longranger, stacks, varscan2, bbmap, bismark, biscuit, hicexplorer, hicup, hicpro, salmon, kallisto, slamdunk, star, hisat2, tophat, bowtie2, bowtie1, snpsplit, kat, leehom, adapterRemoval, clipandmerge, cutadapt, flexbar, kaiju, kraken, malt, trimmomatic, sickle, skewer, sortmerna, biobloomtools, fastq_screen, afterqc, fastp, fastqc, pycoqc, minionqc, multivcfanalyzer, clusterflow, bcl2fastq, interop, ivar, flash, seqyclean
[2021-04-03 17:43:59,797] multiqc                                            [DEBUG  ]  Using temporary directory for creating report: /tmp/tmpyp3rz3r5
[2021-04-03 17:43:59,969] multiqc                                            [DEBUG  ]  File ignored by hicexplorer because it exceeded search pattern filesize limit: SRR10390685_1_fastqc.html
[2021-04-03 17:43:59,981] multiqc                                            [DEBUG  ]  File ignored by longranger/invocation because it exceeded search pattern filesize limit: SRR10390685_1_fastqc.html
[2021-04-03 17:43:59,981] multiqc                                            [DEBUG  ]  File ignored by rockhopper because it exceeded search pattern filesize limit: SRR10390685_1_fastqc.html
[2021-04-03 17:43:59,981] multiqc                                            [DEBUG  ]  File ignored by rseqc/bam_stat because it exceeded search pattern filesize limit: SRR10390685_1_fastqc.html
[2021-04-03 17:43:59,981] multiqc                                            [DEBUG  ]  File ignored by rseqc/junction_annotation because it exceeded search pattern filesize limit: SRR10390685_1_fastqc.html
[2021-04-03 17:43:59,982] multiqc                                            [DEBUG  ]  File ignored by rseqc/read_distribution because it exceeded search pattern filesize limit: SRR10390685_1_fastqc.html
[2021-04-03 17:43:59,982] multiqc                                            [DEBUG  ]  File ignored by rseqc/infer_experiment because it exceeded search pattern filesize limit: SRR10390685_1_fastqc.html
[2021-04-03 17:44:00,076] multiqc                                            [DEBUG  ]  File ignored by hicexplorer because it exceeded search pattern filesize limit: SRR10390685_2_fastqc.html
[2021-04-03 17:44:00,087] multiqc                                            [DEBUG  ]  File ignored by longranger/invocation because it exceeded search pattern filesize limit: SRR10390685_2_fastqc.html
[2021-04-03 17:44:00,087] multiqc                                            [DEBUG  ]  File ignored by rockhopper because it exceeded search pattern filesize limit: SRR10390685_2_fastqc.html
[2021-04-03 17:44:00,087] multiqc                                            [DEBUG  ]  File ignored by rseqc/bam_stat because it exceeded search pattern filesize limit: SRR10390685_2_fastqc.html
[2021-04-03 17:44:00,087] multiqc                                            [DEBUG  ]  File ignored by rseqc/junction_annotation because it exceeded search pattern filesize limit: SRR10390685_2_fastqc.html
[2021-04-03 17:44:00,087] multiqc                                            [DEBUG  ]  File ignored by rseqc/read_distribution because it exceeded search pattern filesize limit: SRR10390685_2_fastqc.html
[2021-04-03 17:44:00,087] multiqc                                            [DEBUG  ]  File ignored by rseqc/infer_experiment because it exceeded search pattern filesize limit: SRR10390685_2_fastqc.html
[2021-04-03 17:44:00,156] multiqc                                            [DEBUG  ]  Ignoring file as matched an ignore pattern: SRR10390685_1_fastqc-checkpoint.html
[2021-04-03 17:44:00,157] multiqc                                            [DEBUG  ]  Ignoring file as matched an ignore pattern: SRR10390685_2_fastqc-checkpoint.html
[2021-04-03 17:44:01,334] multiqc.plots.bargraph                             [DEBUG  ]  Using matplotlib version 3.3.3
[2021-04-03 17:44:01,336] multiqc.plots.linegraph                            [DEBUG  ]  Using matplotlib version 3.3.3
[2021-04-03 17:44:01,339] multiqc                                            [DEBUG  ]  No samples found: custom_content
[2021-04-03 17:44:01,347] multiqc                                            [DEBUG  ]  No samples found: conpair
[2021-04-03 17:44:01,354] multiqc                                            [DEBUG  ]  No samples found: peddy
[2021-04-03 17:44:01,362] multiqc                                            [DEBUG  ]  No samples found: somalier
[2021-04-03 17:44:01,369] multiqc                                            [DEBUG  ]  No samples found: methylQA
[2021-04-03 17:44:01,382] multiqc                                            [DEBUG  ]  No samples found: mosdepth
[2021-04-03 17:44:01,389] multiqc                                            [DEBUG  ]  No samples found: phantompeakqualtools
[2021-04-03 17:44:01,393] multiqc                                            [DEBUG  ]  No samples found: qualimap
[2021-04-03 17:44:01,401] multiqc                                            [DEBUG  ]  No samples found: preseq
[2021-04-03 17:44:01,408] multiqc                                            [DEBUG  ]  No samples found: quast
[2021-04-03 17:44:01,416] multiqc                                            [DEBUG  ]  No samples found: qorts
[2021-04-03 17:44:01,423] multiqc                                            [DEBUG  ]  No samples found: rna_seqc
[2021-04-03 17:44:01,430] multiqc                                            [DEBUG  ]  No samples found: rockhopper
[2021-04-03 17:44:01,436] multiqc                                            [DEBUG  ]  No samples found: rsem
[2021-04-03 17:44:01,455] multiqc                                            [DEBUG  ]  No samples found: rseqc
[2021-04-03 17:44:01,462] multiqc                                            [DEBUG  ]  No samples found: busco
[2021-04-03 17:44:01,469] multiqc                                            [DEBUG  ]  No samples found: goleft_indexcov
[2021-04-03 17:44:01,476] multiqc                                            [DEBUG  ]  No samples found: disambiguate
[2021-04-03 17:44:01,484] multiqc                                            [DEBUG  ]  No samples found: supernova
[2021-04-03 17:44:01,503] multiqc                                            [DEBUG  ]  No samples found: deeptools
[2021-04-03 17:44:01,510] multiqc                                            [DEBUG  ]  No samples found: sargasso
[2021-04-03 17:44:01,517] multiqc                                            [DEBUG  ]  No samples found: verifybamid
[2021-04-03 17:44:01,524] multiqc                                            [DEBUG  ]  No samples found: mirtrace
[2021-04-03 17:44:01,532] multiqc                                            [DEBUG  ]  No samples found: happy
[2021-04-03 17:44:01,539] multiqc                                            [DEBUG  ]  No samples found: mirtop
[2021-04-03 17:44:01,548] multiqc                                            [DEBUG  ]  No samples found: homer
[2021-04-03 17:44:01,555] multiqc                                            [DEBUG  ]  No samples found: macs2
[2021-04-03 17:44:01,562] multiqc                                            [DEBUG  ]  No samples found: theta2
[2021-04-03 17:44:01,569] multiqc                                            [DEBUG  ]  No samples found: snpeff
[2021-04-03 17:44:01,579] multiqc                                            [DEBUG  ]  No samples found: gatk
[2021-04-03 17:44:01,586] multiqc                                            [DEBUG  ]  No samples found: htseq
[2021-04-03 17:44:01,594] multiqc                                            [DEBUG  ]  No samples found: bcftools
[2021-04-03 17:44:01,601] multiqc                                            [DEBUG  ]  No samples found: featureCounts
[2021-04-03 17:44:01,611] multiqc                                            [DEBUG  ]  No samples found: fgbio
[2021-04-03 17:44:01,629] multiqc                                            [DEBUG  ]  No samples found: dragen
[2021-04-03 17:44:01,637] multiqc                                            [DEBUG  ]  No samples found: dedup
[2021-04-03 17:44:01,644] multiqc                                            [DEBUG  ]  No samples found: damageprofiler
[2021-04-03 17:44:01,679] multiqc                                            [DEBUG  ]  No samples found: biobambam2
[2021-04-03 17:44:01,686] multiqc                                            [DEBUG  ]  No samples found: mtnucratio
[2021-04-03 17:44:01,689] multiqc                                            [DEBUG  ]  No samples found: picard
[2021-04-03 17:44:01,696] multiqc                                            [DEBUG  ]  No samples found: prokka
[2021-04-03 17:44:01,703] multiqc                                            [DEBUG  ]  No samples found: samblaster
[2021-04-03 17:44:01,715] multiqc                                            [DEBUG  ]  No samples found: samtools
[2021-04-03 17:44:01,722] multiqc                                            [DEBUG  ]  No samples found: sexdeterrmine
[2021-04-03 17:44:01,731] multiqc                                            [DEBUG  ]  No samples found: bamtools
[2021-04-03 17:44:01,738] multiqc                                            [DEBUG  ]  No samples found: jellyfish
[2021-04-03 17:44:01,750] multiqc                                            [DEBUG  ]  No samples found: vcftools
[2021-04-03 17:44:01,757] multiqc                                            [DEBUG  ]  No samples found: longranger
[2021-04-03 17:44:01,764] multiqc                                            [DEBUG  ]  No samples found: stacks
[2021-04-03 17:44:01,772] multiqc                                            [DEBUG  ]  No samples found: varscan2
[2021-04-03 17:44:01,794] multiqc                                            [DEBUG  ]  No samples found: bbmap
[2021-04-03 17:44:01,802] multiqc                                            [DEBUG  ]  No samples found: bismark
[2021-04-03 17:44:01,810] multiqc                                            [DEBUG  ]  No samples found: biscuit
[2021-04-03 17:44:01,817] multiqc                                            [DEBUG  ]  No samples found: hicexplorer
[2021-04-03 17:44:01,824] multiqc                                            [DEBUG  ]  No samples found: hicup
[2021-04-03 17:44:01,832] multiqc                                            [DEBUG  ]  No samples found: hicpro
[2021-04-03 17:44:01,839] multiqc                                            [DEBUG  ]  No samples found: salmon
[2021-04-03 17:44:01,846] multiqc                                            [DEBUG  ]  No samples found: kallisto
[2021-04-03 17:44:01,853] multiqc                                            [DEBUG  ]  No samples found: slamdunk
[2021-04-03 17:44:01,860] multiqc                                            [DEBUG  ]  No samples found: star
[2021-04-03 17:44:01,867] multiqc                                            [DEBUG  ]  No samples found: hisat2
[2021-04-03 17:44:01,875] multiqc                                            [DEBUG  ]  No samples found: tophat
[2021-04-03 17:44:01,882] multiqc                                            [DEBUG  ]  No samples found: bowtie2
[2021-04-03 17:44:01,889] multiqc                                            [DEBUG  ]  No samples found: bowtie1
[2021-04-03 17:44:01,896] multiqc                                            [DEBUG  ]  No samples found: snpsplit
[2021-04-03 17:44:01,903] multiqc                                            [DEBUG  ]  No samples found: kat
[2021-04-03 17:44:01,911] multiqc                                            [DEBUG  ]  No samples found: leehom
[2021-04-03 17:44:01,918] multiqc                                            [DEBUG  ]  No samples found: adapterRemoval
[2021-04-03 17:44:01,925] multiqc                                            [DEBUG  ]  No samples found: clipandmerge
[2021-04-03 17:44:01,932] multiqc                                            [DEBUG  ]  No samples found: cutadapt
[2021-04-03 17:44:01,939] multiqc                                            [DEBUG  ]  No samples found: flexbar
[2021-04-03 17:44:01,946] multiqc                                            [DEBUG  ]  No samples found: kaiju
[2021-04-03 17:44:01,954] multiqc                                            [DEBUG  ]  No samples found: kraken
[2021-04-03 17:44:01,961] multiqc                                            [DEBUG  ]  No samples found: malt
[2021-04-03 17:44:01,968] multiqc                                            [DEBUG  ]  No samples found: trimmomatic
[2021-04-03 17:44:01,975] multiqc                                            [DEBUG  ]  No samples found: sickle
[2021-04-03 17:44:01,982] multiqc                                            [DEBUG  ]  No samples found: skewer
[2021-04-03 17:44:01,989] multiqc                                            [DEBUG  ]  No samples found: sortmerna
[2021-04-03 17:44:01,997] multiqc                                            [DEBUG  ]  No samples found: biobloomtools
[2021-04-03 17:44:02,004] multiqc                                            [DEBUG  ]  No samples found: fastq_screen
[2021-04-03 17:44:02,011] multiqc                                            [DEBUG  ]  No samples found: afterqc
[2021-04-03 17:44:02,019] multiqc                                            [DEBUG  ]  No samples found: fastp
[2021-04-03 17:44:02,038] multiqc.modules.fastqc.fastqc                      [INFO   ]  Found 2 reports
[2021-04-03 17:44:02,090] multiqc                                            [DEBUG  ]  No samples found: pycoqc
[2021-04-03 17:44:02,098] multiqc                                            [DEBUG  ]  No samples found: minionqc
[2021-04-03 17:44:02,105] multiqc                                            [DEBUG  ]  No samples found: multivcfanalyzer
[2021-04-03 17:44:02,112] multiqc                                            [DEBUG  ]  No samples found: clusterflow
[2021-04-03 17:44:02,122] multiqc                                            [DEBUG  ]  No samples found: bcl2fastq
[2021-04-03 17:44:02,129] multiqc                                            [DEBUG  ]  No samples found: interop
[2021-04-03 17:44:02,136] multiqc                                            [DEBUG  ]  No samples found: ivar
[2021-04-03 17:44:02,143] multiqc                                            [DEBUG  ]  No samples found: flash
[2021-04-03 17:44:02,151] multiqc                                            [DEBUG  ]  No samples found: seqyclean
[2021-04-03 17:44:02,155] multiqc                                            [INFO   ]  Compressing plot data
[2021-04-03 17:44:02,196] multiqc                                            [INFO   ]  Report      : multiqc_report.html
[2021-04-03 17:44:02,196] multiqc                                            [INFO   ]  Data        : multiqc_data
[2021-04-03 17:44:02,196] multiqc                                            [DEBUG  ]  Moving data file from '/tmp/tmpyp3rz3r5/multiqc_data' to './multiqc_data'
[2021-04-03 17:44:02,508] multiqc                                            [INFO   ]  MultiQC complete
